{"level":"info","message":"Server running on port 3001","service":"debugging-helper","timestamp":"2025-07-23T19:38:47.223Z"}
{"level":"info","message":"Server running on port 3001","service":"debugging-helper","timestamp":"2025-07-23T19:38:48.539Z"}
{"level":"info","message":"Server running on port 3001","service":"debugging-helper","timestamp":"2025-07-23T19:49:40.307Z"}
{"level":"info","message":"Server running on port 3001","service":"debugging-helper","timestamp":"2025-07-23T19:54:01.509Z"}
{"level":"info","message":"Server running on port 3001","service":"debugging-helper","timestamp":"2025-07-23T20:01:54.516Z"}
{"level":"info","message":"Server running on port 3001","service":"debugging-helper","timestamp":"2025-07-23T20:05:18.283Z"}
{"level":"info","message":"Created segment error_1753301165646 for session ce035b60-3327-4ddb-9002-77af4eca2d6d","service":"debugging-helper","timestamp":"2025-07-23T20:06:05.646Z"}
{"level":"info","message":"Created segment response_1753301199707 for session ce035b60-3327-4ddb-9002-77af4eca2d6d","service":"debugging-helper","timestamp":"2025-07-23T20:06:39.707Z"}
{"level":"info","message":"Server running on port 3001","service":"debugging-helper","timestamp":"2025-07-23T20:10:36.382Z"}
{"level":"info","message":"Created segment diff_1753301468964 for session 1ba2cc60-59f3-466e-8e42-657f89a7ae85","service":"debugging-helper","timestamp":"2025-07-23T20:11:08.964Z"}
{"level":"info","message":"Created segment response_1753301490378 for session 1ba2cc60-59f3-466e-8e42-657f89a7ae85","service":"debugging-helper","timestamp":"2025-07-23T20:11:30.379Z"}
{"level":"info","message":"Created segment diff_1753314626988 for session 86f03871-9361-4048-bccc-513f2b223085","service":"debugging-helper","timestamp":"2025-07-23T23:50:26.989Z"}
{"level":"info","message":"Created segment response_1753314641340 for session 86f03871-9361-4048-bccc-513f2b223085","service":"debugging-helper","timestamp":"2025-07-23T23:50:41.341Z"}
{"level":"info","message":"Created segment error_1753314673170 for session 0d17b52b-af86-469f-8779-a6bfae68b576","service":"debugging-helper","timestamp":"2025-07-23T23:51:13.170Z"}
{"level":"info","message":"Created segment response_1753314697129 for session 0d17b52b-af86-469f-8779-a6bfae68b576","service":"debugging-helper","timestamp":"2025-07-23T23:51:37.130Z"}
{"level":"info","message":"Server running on port 3001","service":"debugging-helper","timestamp":"2025-07-24T00:31:43.162Z"}
{"level":"info","message":"Created segment error_1753317126572 for session 3252bfdd-06c1-4c1a-a06d-760286082e7e","service":"debugging-helper","timestamp":"2025-07-24T00:32:06.573Z"}
{"level":"info","message":"Created segment response_1753317157296 for session 3252bfdd-06c1-4c1a-a06d-760286082e7e","service":"debugging-helper","timestamp":"2025-07-24T00:32:37.296Z"}
{"level":"info","message":"Server running on port 3001","service":"debugging-helper","timestamp":"2025-07-24T00:32:53.007Z"}
{"level":"info","message":"Created segment error_1753317196211 for session 680ad999-6932-4998-9fb7-2f24d5a0a7f7","service":"debugging-helper","timestamp":"2025-07-24T00:33:16.211Z"}
{"level":"info","message":"Created segment response_1753317217949 for session 680ad999-6932-4998-9fb7-2f24d5a0a7f7","service":"debugging-helper","timestamp":"2025-07-24T00:33:37.949Z"}
{"level":"info","message":"Created segment diff_1753317239746 for session 1b775bf8-35b6-4e27-b85c-4756ad0900f0","service":"debugging-helper","timestamp":"2025-07-24T00:33:59.746Z"}
{"level":"info","message":"Created segment response_1753317266216 for session 1b775bf8-35b6-4e27-b85c-4756ad0900f0","service":"debugging-helper","timestamp":"2025-07-24T00:34:26.216Z"}
{"level":"info","message":"Created segment diff_1753317393889 for session 8adfae0a-daf1-4662-b0e3-727c6f6bcfd8","service":"debugging-helper","timestamp":"2025-07-24T00:36:33.890Z"}
{"level":"info","message":"Created segment response_1753317415355 for session 8adfae0a-daf1-4662-b0e3-727c6f6bcfd8","service":"debugging-helper","timestamp":"2025-07-24T00:36:55.355Z"}
{"level":"info","message":"Created segment diff_1753317423479 for session a3853639-5da7-4d75-ab0b-9ce5eab19120","service":"debugging-helper","timestamp":"2025-07-24T00:37:03.479Z"}
{"level":"info","message":"Created segment response_1753317448877 for session a3853639-5da7-4d75-ab0b-9ce5eab19120","service":"debugging-helper","timestamp":"2025-07-24T00:37:28.878Z"}
{"level":"info","message":"Server running on port 3001","service":"debugging-helper","timestamp":"2025-07-24T01:37:10.759Z"}
{"level":"info","message":"Created segment diff_1753321065606 for session cfdd592e-35a7-4450-b041-3375ab2444f3","service":"debugging-helper","timestamp":"2025-07-24T01:37:45.642Z"}
{"level":"info","message":"Created segment response_1753321100193 for session cfdd592e-35a7-4450-b041-3375ab2444f3","service":"debugging-helper","timestamp":"2025-07-24T01:38:20.201Z"}
{"level":"info","message":"Created segment diff_1753321126921 for session d88e3dec-7f04-42a6-ba08-1faf9a67dad1","service":"debugging-helper","timestamp":"2025-07-24T01:38:46.929Z"}
{"level":"info","message":"Created segment response_1753321148115 for session d88e3dec-7f04-42a6-ba08-1faf9a67dad1","service":"debugging-helper","timestamp":"2025-07-24T01:39:08.124Z"}
{"level":"info","message":"Created segment error_1753321275050 for session 7577311f-7206-406a-9bf3-ca807e0bbb19","service":"debugging-helper","timestamp":"2025-07-24T01:41:15.055Z"}
{"level":"info","message":"Created segment response_1753321303059 for session 7577311f-7206-406a-9bf3-ca807e0bbb19","service":"debugging-helper","timestamp":"2025-07-24T01:41:43.066Z"}
{"level":"info","message":"Created segment error_1753321369702 for session ef32c762-c3ff-4163-b1ee-8b20849edf25","service":"debugging-helper","timestamp":"2025-07-24T01:42:49.707Z"}
{"level":"info","message":"Created segment response_1753321397205 for session ef32c762-c3ff-4163-b1ee-8b20849edf25","service":"debugging-helper","timestamp":"2025-07-24T01:43:17.212Z"}
{"level":"info","message":"Created segment diff_1753321471956 for session 40829c4b-6243-4302-bf29-b0a5459478ab","service":"debugging-helper","timestamp":"2025-07-24T01:44:31.963Z"}
{"level":"info","message":"Created segment response_1753321496012 for session 40829c4b-6243-4302-bf29-b0a5459478ab","service":"debugging-helper","timestamp":"2025-07-24T01:44:56.021Z"}
{"level":"info","message":"Created segment diff_1753321573775 for session 8f799750-1b41-4d0f-935c-f59199fb6b0a","service":"debugging-helper","timestamp":"2025-07-24T01:46:13.789Z"}
{"level":"info","message":"Created segment response_1753321597321 for session 8f799750-1b41-4d0f-935c-f59199fb6b0a","service":"debugging-helper","timestamp":"2025-07-24T01:46:37.330Z"}
{"level":"info","message":"Server running on port 3001","service":"debugging-helper","timestamp":"2025-07-24T01:48:14.428Z"}
{"level":"info","message":"Created segment diff_1753321718017 for session 74cc71e7-81e7-4f61-bf87-e2a6824e0e72","service":"debugging-helper","timestamp":"2025-07-24T01:48:38.044Z"}
{"level":"info","message":"Created segment response_1753321741448 for session 74cc71e7-81e7-4f61-bf87-e2a6824e0e72","service":"debugging-helper","timestamp":"2025-07-24T01:49:01.461Z"}
{"level":"info","message":"Server running on port 3001","service":"debugging-helper","timestamp":"2025-07-24T01:49:37.231Z"}
{"level":"info","message":"Server running on port 3001","service":"debugging-helper","timestamp":"2025-07-24T01:51:16.917Z"}
